<?xml version="1.0" encoding="UTF-8"?>
<!-- Generated by org.testng.reporters.JUnitXMLReporter -->
<testsuite ignored="3" hostname="NivethaSathyaRJ" failures="0" tests="3" name="Test" time="0.051" errors="0" timestamp="07 Jun 2025 17:06:20 GMT">
  <testcase classname="Testng.AnnotationsExample" name="test1" time="0.008"/>
  <testcase classname="Testng.AnnotationsExample2" name="test3" time="0.002"/>
  <testcase classname="Testng.AnnotationsExample2" name="test4" time="0.002"/>
  <testcase classname="Testng.AnnotationsExample" name="test2" time="0.0">
    <ignored/>
  </testcase> <!-- test2 -->
  <testcase classname="Testng.BaseClass" name="@AfterTest method4" time="0.0">
    <ignored/>
  </testcase> <!-- @AfterTest method4 -->
  <testcase classname="Testng.BaseClass" name="@BeforeTest method3" time="0.0">
    <ignored/>
  </testcase> <!-- @BeforeTest method3 -->
</testsuite> <!-- Test -->
