<?xml version="1.0" encoding="UTF-8"?>
<!-- Generated by org.testng.reporters.JUnitXMLReporter -->
<testsuite ignored="0" hostname="NivethaSathyaRJ" failures="0" tests="4" name="Test" time="9.517" errors="0" timestamp="06 Apr 2025 17:04:07 GMT">
  <testcase classname="swaglab_test.LoginTest" name="LockedUserLoginFailureTest" time="0.429"/>
  <testcase classname="swaglab_test.LoginTest" name="LoginSuccessTest" time="0.497"/>
  <testcase classname="swaglab_test.ProductPageTest" name="AddtoCartTest" time="0.555"/>
  <testcase classname="swaglab_test.LoginTest" name="LoginFailureTest" time="0.44"/>
</testsuite> <!-- Test -->
