<?xml version="1.0" encoding="UTF-8"?>
<testsuite xmlns:xsi="http://www.w3.org/2001/XMLSchema-instance" xsi:noNamespaceSchemaLocation="https://maven.apache.org/surefire/maven-surefire-plugin/xsd/surefire-test-report-3.0.xsd" version="3.0" name="TestSuite" time="0.376" tests="3" errors="0" skipped="0" failures="0">
  <properties>
[...]
</properties>
  <testcase name="test1" classname="Testng.AnnotationsExample" time="0.001">
    <system-out><![CDATA[[TestNGContentHandler] [WARN] It is strongly recommended to add "<!DOCTYPE suite SYSTEM "http://testng.org/testng-1.0.dtd" >" at the top of your file, otherwise TestNG may fail or not work as expected.
Inside before test
Inside before method
Inside test case1
]]></system-out>
  </testcase>
  <testcase name="test3" classname="Testng.AnnotationsExample2" time="0">
    <system-out><![CDATA[Inside after method
Inside before method
Inside test case3
]]></system-out>
  </testcase>
  <testcase name="test4" classname="Testng.AnnotationsExample2" time="0">
    <system-out><![CDATA[Inside after method
Inside before method
Inside test case4
]]></system-out>
  </testcase>
</testsuite>